<?xml version="1.0" encoding="UTF-8"?>
<testng-results skipped="0" failed="0" ignored="0" total="1" passed="1">
  <reporter-output>
  </reporter-output>
  <suite name="Default suite" duration-ms="68004" started-at="2019-11-06T10:20:15Z" finished-at="2019-11-06T10:21:23Z">
    <groups>
    </groups>
    <test name="Default test" duration-ms="68004" started-at="2019-11-06T10:20:15Z" finished-at="2019-11-06T10:21:23Z">
      <class name="TestScripts.Script1">
        <test-method status="PASS" signature="openAppln()[pri:0, instance:TestScripts.Script1@76b0bfab]" name="openAppln" is-config="true" duration-ms="50777" started-at="2019-11-06T10:20:15Z" finished-at="2019-11-06T10:21:06Z">
          <reporter-output>
          </reporter-output>
        </test-method> <!-- openAppln -->
        <test-method status="PASS" signature="test1()[pri:0, instance:TestScripts.Script1@76b0bfab]" name="test1" duration-ms="15981" started-at="2019-11-06T10:21:06Z" finished-at="2019-11-06T10:21:22Z">
          <reporter-output>
          </reporter-output>
        </test-method> <!-- test1 -->
        <test-method status="PASS" signature="closeAppln()[pri:0, instance:TestScripts.Script1@76b0bfab]" name="closeAppln" is-config="true" duration-ms="1170" started-at="2019-11-06T10:21:22Z" finished-at="2019-11-06T10:21:23Z">
          <reporter-output>
          </reporter-output>
        </test-method> <!-- closeAppln -->
      </class> <!-- TestScripts.Script1 -->
    </test> <!-- Default test -->
  </suite> <!-- Default suite -->
</testng-results>
